#
# There is insufficient memory for the Java Runtime Environment to continue.
# Native memory allocation (malloc) failed to allocate 632368 bytes for Chunk::new
# Possible reasons:
#   The system is out of physical RAM or swap space
#   In 32 bit mode, the process size limit was hit
# Possible solutions:
#   Reduce memory load on the system
#   Increase physical memory or swap space
#   Check if swap backing store is full
#   Use 64 bit Java on a 64 bit OS
#   Decrease Java heap size (-Xmx/-Xms)
#   Decrease number of Java threads
#   Decrease Java thread stack sizes (-Xss)
#   Set larger code cache with -XX:ReservedCodeCacheSize=
# This output file may be truncated or incomplete.
#
#  Out of Memory Error (allocation.cpp:390), pid=1180, tid=0x00000000000036e0
#
# JRE version: OpenJDK Runtime Environment (8.0_152-b06) (build 1.8.0_152-release-1136-b06)
# Java VM: OpenJDK 64-Bit Server VM (25.152-b06 mixed mode windows-amd64 compressed oops)
# Failed to write core dump. Minidumps are not enabled by default on client versions of Windows
#

---------------  T H R E A D  ---------------

Current thread (0x000000001615b000):  JavaThread "C2 CompilerThread1" daemon [_thread_in_native, id=14048, stack(0x0000000017b50000,0x0000000017c50000)]

Stack: [0x0000000017b50000,0x0000000017c50000]
[error occurred during error reporting (printing stack bounds), id 0xc0000005]

Native frames: (J=compiled Java code, j=interpreted, Vv=VM code, C=native code)


Current CompileTask:
C2:  17588 3409   !   4       java.lang.reflect.Executable::sharedToString (102 bytes)


---------------  P R O C E S S  ---------------

Java Threads: ( => current thread )
  0x000000001a80b800 JavaThread "Memory manager" [_thread_blocked, id=17544, stack(0x00000000200e0000,0x00000000201e0000)]
  0x000000001a80c000 JavaThread "Build operations Thread 4" [_thread_blocked, id=10968, stack(0x000000001f9e0000,0x000000001fae0000)]
  0x000000001a80a000 JavaThread "Build operations Thread 3" [_thread_blocked, id=16828, stack(0x000000001f8e0000,0x000000001f9e0000)]
  0x000000001a807000 JavaThread "Build operations Thread 2" [_thread_blocked, id=2632, stack(0x000000001f7e0000,0x000000001f8e0000)]
  0x000000001a807800 JavaThread "Build operations" [_thread_blocked, id=1136, stack(0x000000001f5e0000,0x000000001f6e0000)]
  0x000000001a80d800 JavaThread "Cache worker for Artifact transforms cache (C:\Users\kr\.gradle\caches\transforms-1)" [_thread_blocked, id=12504, stack(0x000000001ca70000,0x000000001cb70000)]
  0x000000001ac3e800 JavaThread "Cache worker for file hash cache (D:\AndroidStudioProjects\HuaRongdao\.gradle\4.6\fileHashes)" [_thread_blocked, id=16236, stack(0x000000001b7a0000,0x000000001b8a0000)]
  0x000000001821e000 JavaThread "File lock request listener" [_thread_in_native, id=5972, stack(0x000000001b6a0000,0x000000001b7a0000)]
  0x00000000193eb000 JavaThread "Cache worker for file hash cache (C:\Users\kr\.gradle\caches\4.6\fileHashes)" [_thread_blocked, id=10676, stack(0x000000001b5a0000,0x000000001b6a0000)]
  0x000000001758b800 JavaThread "Stdin handler" [_thread_blocked, id=11176, stack(0x000000001a2d0000,0x000000001a3d0000)]
  0x000000001758a800 JavaThread "Asynchronous log dispatcher for DefaultDaemonConnection: socket connection from /127.0.0.1:63933 to /127.0.0.1:63934" [_thread_blocked, id=5128, stack(0x000000001a1d0000,0x000000001a2d0000)]
  0x0000000017588800 JavaThread "Daemon worker" [_thread_in_Java, id=11396, stack(0x000000001a0d0000,0x000000001a1d0000)]
  0x000000001759d000 JavaThread "Cancel handler" [_thread_blocked, id=5148, stack(0x0000000019fd0000,0x000000001a0d0000)]
  0x000000001762d000 JavaThread "Handler for socket connection from /127.0.0.1:63933 to /127.0.0.1:63934" [_thread_in_native, id=4880, stack(0x0000000019cd0000,0x0000000019dd0000)]
  0x0000000018c6d800 JavaThread "Daemon" [_thread_blocked, id=17788, stack(0x0000000019bd0000,0x0000000019cd0000)]
  0x0000000018c6a000 JavaThread "Daemon periodic checks" [_thread_blocked, id=9176, stack(0x0000000019ad0000,0x0000000019bd0000)]
  0x0000000018c51800 JavaThread "Incoming local TCP Connector on port 63933" [_thread_in_native, id=5444, stack(0x0000000019920000,0x0000000019a20000)]
  0x00000000174cd000 JavaThread "Service Thread" daemon [_thread_blocked, id=2584, stack(0x0000000017d50000,0x0000000017e50000)]
  0x000000001615e800 JavaThread "C1 CompilerThread2" daemon [_thread_blocked, id=4900, stack(0x0000000017c50000,0x0000000017d50000)]
=>0x000000001615b000 JavaThread "C2 CompilerThread1" daemon [_thread_in_native, id=14048, stack(0x0000000017b50000,0x0000000017c50000)]
  0x000000001610a800 JavaThread "C2 CompilerThread0" daemon [_thread_in_native, id=18344, stack(0x0000000017a50000,0x0000000017b50000)]
  0x0000000016159800 JavaThread "Attach Listener" daemon [_thread_blocked, id=9280, stack(0x0000000017950000,0x0000000017a50000)]
  0x00000000160f6800 JavaThread "Signal Dispatcher" daemon [_thread_blocked, id=18060, stack(0x0000000017850000,0x0000000017950000)]
  0x00000000160e8800 JavaThread "Finalizer" daemon [_thread_blocked, id=9300, stack(0x0000000017350000,0x0000000017450000)]
  0x00000000160c7000 JavaThread "Reference Handler" daemon [_thread_blocked, id=17884, stack(0x0000000017250000,0x0000000017350000)]
  0x00000000021dd800 JavaThread "main" [_thread_blocked, id=13588, stack(0x0000000002590000,0x0000000002690000)]

Other Threads:
  0x00000000160c6000 VMThread [stack: 0x0000000017150000,0x0000000017250000] [id=856]
  0x0000000017482000 WatcherThread [stack: 0x0000000017e50000,0x0000000017f50000] [id=7940]

VM state:at safepoint (normal execution)

VM Mutex/Monitor currently owned by a thread:  ([mutex/lock_event])
[0x00000000021dc570] Threads_lock - owner thread: 0x00000000160c6000
[0x00000000026903d0] Compile_lock - owner thread: 0x0000000017588800

Heap:
 PSYoungGen      total 131072K, used 39424K [0x00000000e0000000, 0x00000000e9800000, 0x0000000100000000)
  eden space 122368K, 32% used [0x00000000e0000000,0x00000000e26803b0,0x00000000e7780000)
  from space 8704K, 0% used [0x00000000e7780000,0x00000000e7780000,0x00000000e8000000)
  to   space 11264K, 0% used [0x00000000e8d00000,0x00000000e8d00000,0x00000000e9800000)
 ParOldGen       total 60928K, used 19241K [0x00000000a0000000, 0x00000000a3b80000, 0x00000000e0000000)
  object space 60928K, 31% used [0x00000000a0000000,0x00000000a12ca640,0x00000000a3b80000)
 Metaspace       used 37020K, capacity 37720K, committed 38104K, reserved 1081344K
  class space    used 5076K, capacity 5296K, committed 5376K, reserved 1048576K

Card table byte_map: [0x0000000011b50000,0x0000000011e60000] byte_map_base: 0x0000000011650000

Marking Bits: (ParMarkBitMap*) 0x0000000068d55aa0
 Begin Bits: [0x0000000012460000, 0x0000000013c60000)
 End Bits:   [0x0000000013c60000, 0x0000000015460000)

Polling page: 0x0000000000510000

CodeCache: size=245760Kb used=11746Kb max_used=11746Kb free=234013Kb
 bounds [0x0000000002790000, 0x0000000003320000, 0x0000000011790000]
 total_blobs=4066 nmethods=3354 adapters=624
 compilation: enabled

Compilation events (10 events):
Event: 17.475 Thread 0x000000001615e800 3535       3       java.util.EnumMap$EntryIterator$Entry::checkIndexForEntryUse (18 bytes)
Event: 17.475 Thread 0x000000001615e800 nmethod 3535 0x00000000032f78d0 code [0x00000000032f7a40, 0x00000000032f7ca8]
Event: 17.475 Thread 0x000000001615e800 3536       1       com.google.common.collect.ImmutableMapKeySet$1::delegateCollection (5 bytes)
Event: 17.476 Thread 0x000000001615e800 nmethod 3536 0x00000000032f7d90 code [0x00000000032f7ee0, 0x00000000032f7ff0]
Event: 17.477 Thread 0x000000001615e800 3537       3       java.text.DecimalFormatSymbols::getInstance (37 bytes)
Event: 17.477 Thread 0x000000001615e800 nmethod 3537 0x00000000032f8050 code [0x00000000032f8200, 0x00000000032f8728]
Event: 17.477 Thread 0x000000001615e800 3538       3       sun.util.locale.provider.DecimalFormatSymbolsProviderImpl::getInstance (21 bytes)
Event: 17.477 Thread 0x000000001615e800 nmethod 3538 0x00000000032f8910 code [0x00000000032f8aa0, 0x00000000032f8e38]
Event: 17.477 Thread 0x000000001615e800 3539       3       sun.util.locale.provider.LocaleResources::getDecimalFormatSymbolsData (213 bytes)
Event: 17.481 Thread 0x000000001615e800 nmethod 3539 0x00000000032f8fd0 code [0x00000000032f9480, 0x00000000032fcc98]

GC Heap History (10 events):
Event: 9.711 GC heap before
{Heap before GC invocations=7 (full 0):
 PSYoungGen      total 68608K, used 27947K [0x00000000e0000000, 0x00000000e4c00000, 0x0000000100000000)
  eden space 62464K, 34% used [0x00000000e0000000,0x00000000e1552990,0x00000000e3d00000)
  from space 6144K, 99% used [0x00000000e4400000,0x00000000e49f8420,0x00000000e4a00000)
  to   space 7168K, 0% used [0x00000000e3d00000,0x00000000e3d00000,0x00000000e4400000)
 ParOldGen       total 42496K, used 7775K [0x00000000a0000000, 0x00000000a2980000, 0x00000000e0000000)
  object space 42496K, 18% used [0x00000000a0000000,0x00000000a0797ed0,0x00000000a2980000)
 Metaspace       used 20669K, capacity 21160K, committed 21248K, reserved 1067008K
  class space    used 2882K, capacity 3044K, committed 3072K, reserved 1048576K
Event: 9.720 GC heap after
Heap after GC invocations=7 (full 0):
 PSYoungGen      total 69632K, used 6107K [0x00000000e0000000, 0x00000000e8900000, 0x0000000100000000)
  eden space 62464K, 0% used [0x00000000e0000000,0x00000000e0000000,0x00000000e3d00000)
  from space 7168K, 85% used [0x00000000e3d00000,0x00000000e42f6d90,0x00000000e4400000)
  to   space 7680K, 0% used [0x00000000e8180000,0x00000000e8180000,0x00000000e8900000)
 ParOldGen       total 42496K, used 8535K [0x00000000a0000000, 0x00000000a2980000, 0x00000000e0000000)
  object space 42496K, 20% used [0x00000000a0000000,0x00000000a0855f30,0x00000000a2980000)
 Metaspace       used 20669K, capacity 21160K, committed 21248K, reserved 1067008K
  class space    used 2882K, capacity 3044K, committed 3072K, reserved 1048576K
}
Event: 9.720 GC heap before
{Heap before GC invocations=8 (full 1):
 PSYoungGen      total 69632K, used 6107K [0x00000000e0000000, 0x00000000e8900000, 0x0000000100000000)
  eden space 62464K, 0% used [0x00000000e0000000,0x00000000e0000000,0x00000000e3d00000)
  from space 7168K, 85% used [0x00000000e3d00000,0x00000000e42f6d90,0x00000000e4400000)
  to   space 7680K, 0% used [0x00000000e8180000,0x00000000e8180000,0x00000000e8900000)
 ParOldGen       total 42496K, used 8535K [0x00000000a0000000, 0x00000000a2980000, 0x00000000e0000000)
  object space 42496K, 20% used [0x00000000a0000000,0x00000000a0855f30,0x00000000a2980000)
 Metaspace       used 20669K, capacity 21160K, committed 21248K, reserved 1067008K
  class space    used 2882K, capacity 3044K, committed 3072K, reserved 1048576K
Event: 9.808 GC heap after
Heap after GC invocations=8 (full 1):
 PSYoungGen      total 69632K, used 0K [0x00000000e0000000, 0x00000000e8900000, 0x0000000100000000)
  eden space 62464K, 0% used [0x00000000e0000000,0x00000000e0000000,0x00000000e3d00000)
  from space 7168K, 0% used [0x00000000e3d00000,0x00000000e3d00000,0x00000000e4400000)
  to   space 7680K, 0% used [0x00000000e8180000,0x00000000e8180000,0x00000000e8900000)
 ParOldGen       total 37376K, used 10928K [0x00000000a0000000, 0x00000000a2480000, 0x00000000e0000000)
  object space 37376K, 29% used [0x00000000a0000000,0x00000000a0aac3f0,0x00000000a2480000)
 Metaspace       used 20669K, capacity 21160K, committed 21248K, reserved 1067008K
  class space    used 2882K, capacity 3044K, committed 3072K, reserved 1048576K
}
Event: 11.363 GC heap before
{Heap before GC invocations=9 (full 1):
 PSYoungGen      total 69632K, used 62464K [0x00000000e0000000, 0x00000000e8900000, 0x0000000100000000)
  eden space 62464K, 100% used [0x00000000e0000000,0x00000000e3d00000,0x00000000e3d00000)
  from space 7168K, 0% used [0x00000000e3d00000,0x00000000e3d00000,0x00000000e4400000)
  to   space 7680K, 0% used [0x00000000e8180000,0x00000000e8180000,0x00000000e8900000)
 ParOldGen       total 37376K, used 10928K [0x00000000a0000000, 0x00000000a2480000, 0x00000000e0000000)
  object space 37376K, 29% used [0x00000000a0000000,0x00000000a0aac3f0,0x00000000a2480000)
 Metaspace       used 26592K, capacity 27042K, committed 27392K, reserved 1073152K
  class space    used 3641K, capacity 3801K, committed 3840K, reserved 1048576K
Event: 11.392 GC heap after
Heap after GC invocations=9 (full 1):
 PSYoungGen      total 107008K, used 7049K [0x00000000e0000000, 0x00000000e8880000, 0x0000000100000000)
  eden space 99840K, 0% used [0x00000000e0000000,0x00000000e0000000,0x00000000e6180000)
  from space 7168K, 98% used [0x00000000e8180000,0x00000000e8862728,0x00000000e8880000)
  to   space 8704K, 0% used [0x00000000e7780000,0x00000000e7780000,0x00000000e8000000)
 ParOldGen       total 37376K, used 10936K [0x00000000a0000000, 0x00000000a2480000, 0x00000000e0000000)
  object space 37376K, 29% used [0x00000000a0000000,0x00000000a0aae3f0,0x00000000a2480000)
 Metaspace       used 26592K, capacity 27042K, committed 27392K, reserved 1073152K
  class space    used 3641K, capacity 3801K, committed 3840K, reserved 1048576K
}
Event: 15.919 GC heap before
{Heap before GC invocations=10 (full 1):
 PSYoungGen      total 107008K, used 102885K [0x00000000e0000000, 0x00000000e8880000, 0x0000000100000000)
  eden space 99840K, 95% used [0x00000000e0000000,0x00000000e5d96fd8,0x00000000e6180000)
  from space 7168K, 98% used [0x00000000e8180000,0x00000000e8862728,0x00000000e8880000)
  to   space 8704K, 0% used [0x00000000e7780000,0x00000000e7780000,0x00000000e8000000)
 ParOldGen       total 37376K, used 10936K [0x00000000a0000000, 0x00000000a2480000, 0x00000000e0000000)
  object space 37376K, 29% used [0x00000000a0000000,0x00000000a0aae3f0,0x00000000a2480000)
 Metaspace       used 34567K, capacity 35200K, committed 35416K, reserved 1079296K
  class space    used 4789K, capacity 4988K, committed 4992K, reserved 1048576K
Event: 15.947 GC heap after
Heap after GC invocations=10 (full 1):
 PSYoungGen      total 131072K, used 8690K [0x00000000e0000000, 0x00000000e9800000, 0x0000000100000000)
  eden space 122368K, 0% used [0x00000000e0000000,0x00000000e0000000,0x00000000e7780000)
  from space 8704K, 99% used [0x00000000e7780000,0x00000000e7ffc908,0x00000000e8000000)
  to   space 11264K, 0% used [0x00000000e8d00000,0x00000000e8d00000,0x00000000e9800000)
 ParOldGen       total 37376K, used 15222K [0x00000000a0000000, 0x00000000a2480000, 0x00000000e0000000)
  object space 37376K, 40% used [0x00000000a0000000,0x00000000a0eddb60,0x00000000a2480000)
 Metaspace       used 34567K, capacity 35200K, committed 35416K, reserved 1079296K
  class space    used 4789K, capacity 4988K, committed 4992K, reserved 1048576K
}
Event: 15.947 GC heap before
{Heap before GC invocations=11 (full 2):
 PSYoungGen      total 131072K, used 8690K [0x00000000e0000000, 0x00000000e9800000, 0x0000000100000000)
  eden space 122368K, 0% used [0x00000000e0000000,0x00000000e0000000,0x00000000e7780000)
  from space 8704K, 99% used [0x00000000e7780000,0x00000000e7ffc908,0x00000000e8000000)
  to   space 11264K, 0% used [0x00000000e8d00000,0x00000000e8d00000,0x00000000e9800000)
 ParOldGen       total 37376K, used 15222K [0x00000000a0000000, 0x00000000a2480000, 0x00000000e0000000)
  object space 37376K, 40% used [0x00000000a0000000,0x00000000a0eddb60,0x00000000a2480000)
 Metaspace       used 34567K, capacity 35200K, committed 35416K, reserved 1079296K
  class space    used 4789K, capacity 4988K, committed 4992K, reserved 1048576K
Event: 16.120 GC heap after
Heap after GC invocations=11 (full 2):
 PSYoungGen      total 131072K, used 0K [0x00000000e0000000, 0x00000000e9800000, 0x0000000100000000)
  eden space 122368K, 0% used [0x00000000e0000000,0x00000000e0000000,0x00000000e7780000)
  from space 8704K, 0% used [0x00000000e7780000,0x00000000e7780000,0x00000000e8000000)
  to   space 11264K, 0% used [0x00000000e8d00000,0x00000000e8d00000,0x00000000e9800000)
 ParOldGen       total 60928K, used 19241K [0x00000000a0000000, 0x00000000a3b80000, 0x00000000e0000000)
  object space 60928K, 31% used [0x00000000a0000000,0x00000000a12ca640,0x00000000a3b80000)
 Metaspace       used 34567K, capacity 35200K, committed 35416K, reserved 1079296K
  class space    used 4789K, capacity 4988K, committed 4992K, reserved 1048576K
}

Deoptimization events (10 events):
Event: 13.950 Thread 0x0000000017588800 Uncommon trap: reason=unstable_if action=reinterpret pc=0x000000000306ddf4 method=java.net.URLClassLoader.isSealed(Ljava/lang/String;Ljava/util/jar/Manifest;)Z @ 26
Event: 13.959 Thread 0x0000000017588800 Uncommon trap: reason=unstable_if action=reinterpret pc=0x0000000003045be4 method=java.net.URLClassLoader.isSealed(Ljava/lang/String;Ljava/util/jar/Manifest;)Z @ 26
Event: 14.479 Thread 0x0000000017588800 Uncommon trap: reason=class_check action=maybe_recompile pc=0x0000000002f92388 method=java.io.BufferedInputStream.read1([BII)I @ 39
Event: 14.479 Thread 0x0000000017588800 Uncommon trap: reason=class_check action=maybe_recompile pc=0x0000000002f92388 method=java.io.BufferedInputStream.read1([BII)I @ 39
Event: 14.479 Thread 0x0000000017588800 Uncommon trap: reason=class_check action=maybe_recompile pc=0x0000000002f92388 method=java.io.BufferedInputStream.read1([BII)I @ 39
Event: 14.520 Thread 0x0000000017588800 Uncommon trap: reason=unstable_if action=reinterpret pc=0x0000000002c70090 method=java.util.regex.Pattern.has(I)Z @ 6
Event: 14.744 Thread 0x0000000017588800 Uncommon trap: reason=predicate action=maybe_recompile pc=0x0000000003107d48 method=java.util.Arrays.binarySearch0([Ljava/lang/Object;IILjava/lang/Object;Ljava/util/Comparator;)I @ 28
Event: 14.744 Thread 0x0000000017588800 Uncommon trap: reason=predicate action=maybe_recompile pc=0x0000000003117450 method=java.util.Arrays.binarySearch0([Ljava/lang/Object;IILjava/lang/Object;Ljava/util/Comparator;)I @ 28
Event: 17.217 Thread 0x0000000017588800 Uncommon trap: reason=unstable_if action=reinterpret pc=0x000000000303fe9c method=java.util.HashMap.putVal(ILjava/lang/Object;Ljava/lang/Object;ZZ)Ljava/lang/Object; @ 162
Event: 17.218 Thread 0x0000000017588800 Uncommon trap: reason=unstable_if action=reinterpret pc=0x0000000002a39718 method=java.util.HashMap.resize()[Ljava/util/HashMap$Node; @ 206

Classes redefined (0 events):
No events

Internal exceptions (10 events):
Event: 14.210 Thread 0x0000000017588800 Exception <a 'java/lang/ClassNotFoundException': org/gradle/api/internal/AbstractTaskCustomizer> (0x00000000e45e6e38) thrown at [D:\src\AOSP-openjdk-cygwin\jdk8u\hotspot\src\share\vm\classfile\systemDictionary.cpp, line 210]
Event: 14.214 Thread 0x0000000017588800 Exception <a 'java/lang/ClassNotFoundException': org/gradle/api/DefaultTaskCustomizer> (0x00000000e4670c18) thrown at [D:\src\AOSP-openjdk-cygwin\jdk8u\hotspot\src\share\vm\classfile\systemDictionary.cpp, line 210]
Event: 14.216 Thread 0x0000000017588800 Exception <a 'java/lang/ClassNotFoundException': org/gradle/api/internal/ConventionTaskCustomizer> (0x00000000e46acca0) thrown at [D:\src\AOSP-openjdk-cygwin\jdk8u\hotspot\src\share\vm\classfile\systemDictionary.cpp, line 210]
Event: 14.217 Thread 0x0000000017588800 Exception <a 'java/lang/ClassNotFoundException': org/gradle/api/tasks/DeleteCustomizer> (0x00000000e46e65b8) thrown at [D:\src\AOSP-openjdk-cygwin\jdk8u\hotspot\src\share\vm\classfile\systemDictionary.cpp, line 210]
Event: 14.220 Thread 0x0000000017588800 Exception <a 'java/lang/ClassNotFoundException': org/gradle/api/tasks/Delete_DecoratedCustomizer> (0x00000000e472de28) thrown at [D:\src\AOSP-openjdk-cygwin\jdk8u\hotspot\src\share\vm\classfile\systemDictionary.cpp, line 210]
Event: 14.297 Thread 0x0000000017588800 Exception <a 'java/lang/ClassNotFoundException': build_8ilzjtyak3xx308y6mt9to0rqBeanInfo> (0x00000000e48335e8) thrown at [D:\src\AOSP-openjdk-cygwin\jdk8u\hotspot\src\share\vm\classfile\systemDictionary.cpp, line 210]
Event: 14.298 Thread 0x0000000017588800 Exception <a 'java/lang/ClassNotFoundException': build_8ilzjtyak3xx308y6mt9to0rqCustomizer> (0x00000000e483dfb0) thrown at [D:\src\AOSP-openjdk-cygwin\jdk8u\hotspot\src\share\vm\classfile\systemDictionary.cpp, line 210]
Event: 14.304 Thread 0x0000000017588800 Exception <a 'java/lang/ClassNotFoundException': org/gradle/api/internal/plugins/DefaultObjectConfigurationActionBeanInfo> (0x00000000e48a5e18) thrown at [D:\src\AOSP-openjdk-cygwin\jdk8u\hotspot\src\share\vm\classfile\systemDictionary.cpp, line 210]
Event: 14.305 Thread 0x0000000017588800 Exception <a 'java/lang/ClassNotFoundException': org/gradle/api/internal/plugins/DefaultObjectConfigurationActionCustomizer> (0x00000000e48df8b8) thrown at [D:\src\AOSP-openjdk-cygwin\jdk8u\hotspot\src\share\vm\classfile\systemDictionary.cpp, line 210]
Event: 16.773 Thread 0x0000000017588800 Exception <a 'sun/nio/fs/WindowsException'> (0x00000000e0785930) thrown at [D:\src\AOSP-openjdk-cygwin\jdk8u\hotspot\src\share\vm\prims\jni.cpp, line 709]

Events (10 events):
Event: 17.285 loading class org/apache/tools/ant/BuildEvent done
Event: 17.345 loading class org/apache/tools/ant/RuntimeConfigurable
Event: 17.345 loading class org/apache/tools/ant/RuntimeConfigurable done
Event: 17.398 loading class org/gradle/api/component/SoftwareComponent
Event: 17.398 loading class org/gradle/api/component/SoftwareComponent done
Event: 17.412 loading class org/gradle/model/internal/manage/schema/ScalarCollectionSchema
Event: 17.412 loading class org/gradle/model/internal/manage/schema/ScalarCollectionSchema done
Event: 17.413 loading class org/gradle/model/internal/manage/schema/extract/JavaUtilCollectionStrategy$1
Event: 17.413 loading class org/gradle/model/internal/manage/schema/extract/JavaUtilCollectionStrategy$1 done
Event: 17.477 loading class java/lang/Throwable$PrintStreamOrWriter


Dynamic libraries:
0x00007ff61d3f0000 - 0x00007ff61d421000 	E:\Android\Android Studio\jre\bin\java.exe
0x00007ffbc67c0000 - 0x00007ffbc69a1000 	C:\WINDOWS\SYSTEM32\ntdll.dll
0x00007ffbc66d0000 - 0x00007ffbc6781000 	C:\WINDOWS\System32\KERNEL32.DLL
0x00007ffbc3910000 - 0x00007ffbc3b83000 	C:\WINDOWS\System32\KERNELBASE.dll
0x00007ffbc40f0000 - 0x00007ffbc4191000 	C:\WINDOWS\System32\ADVAPI32.dll
0x00007ffbc5a40000 - 0x00007ffbc5ade000 	C:\WINDOWS\System32\msvcrt.dll
0x00007ffbc3c50000 - 0x00007ffbc3cab000 	C:\WINDOWS\System32\sechost.dll
0x00007ffbc3ee0000 - 0x00007ffbc4004000 	C:\WINDOWS\System32\RPCRT4.dll
0x00007ffbc6540000 - 0x00007ffbc66d0000 	C:\WINDOWS\System32\USER32.dll
0x00007ffbc3b90000 - 0x00007ffbc3bb0000 	C:\WINDOWS\System32\win32u.dll
0x00007ffbc3eb0000 - 0x00007ffbc3ed8000 	C:\WINDOWS\System32\GDI32.dll
0x00007ffbc35e0000 - 0x00007ffbc3772000 	C:\WINDOWS\System32\gdi32full.dll
0x00007ffbc3bb0000 - 0x00007ffbc3c4f000 	C:\WINDOWS\System32\msvcp_win.dll
0x00007ffbc34e0000 - 0x00007ffbc35d8000 	C:\WINDOWS\System32\ucrtbase.dll
0x00007ffbb7fd0000 - 0x00007ffbb8239000 	C:\WINDOWS\WinSxS\amd64_microsoft.windows.common-controls_6595b64144ccf1df_6.0.17134.765_none_fb42a1a930655896\COMCTL32.dll
0x00007ffbc5bb0000 - 0x00007ffbc5ed2000 	C:\WINDOWS\System32\combase.dll
0x00007ffbc3890000 - 0x00007ffbc390a000 	C:\WINDOWS\System32\bcryptPrimitives.dll
0x00007ffbc5f50000 - 0x00007ffbc5f7d000 	C:\WINDOWS\System32\IMM32.DLL
0x00000000660e0000 - 0x00000000661b2000 	E:\Android\Android Studio\jre\jre\bin\msvcr100.dll
0x0000000068590000 - 0x0000000068dd1000 	E:\Android\Android Studio\jre\jre\bin\server\jvm.dll
0x00007ffbc5af0000 - 0x00007ffbc5af8000 	C:\WINDOWS\System32\PSAPI.DLL
0x00007ffbbe790000 - 0x00007ffbbe7b3000 	C:\WINDOWS\SYSTEM32\WINMM.dll
0x00007ffbb2210000 - 0x00007ffbb2219000 	C:\WINDOWS\SYSTEM32\WSOCK32.dll
0x00007ffbb2160000 - 0x00007ffbb216a000 	C:\WINDOWS\SYSTEM32\VERSION.dll
0x00007ffbc5ee0000 - 0x00007ffbc5f4c000 	C:\WINDOWS\System32\WS2_32.dll
0x00007ffbbe740000 - 0x00007ffbbe76a000 	C:\WINDOWS\SYSTEM32\winmmbase.dll
0x00007ffbc32a0000 - 0x00007ffbc32e9000 	C:\WINDOWS\System32\cfgmgr32.dll
0x00007ffbb7a90000 - 0x00007ffbb7a9f000 	E:\Android\Android Studio\jre\jre\bin\verify.dll
0x00007ffbb79c0000 - 0x00007ffbb79e9000 	E:\Android\Android Studio\jre\jre\bin\java.dll
0x00007ffbb78d0000 - 0x00007ffbb78e6000 	E:\Android\Android Studio\jre\jre\bin\zip.dll
0x00007ffbc45f0000 - 0x00007ffbc5a30000 	C:\WINDOWS\System32\SHELL32.dll
0x00007ffbc5b00000 - 0x00007ffbc5ba9000 	C:\WINDOWS\System32\shcore.dll
0x00007ffbc2b90000 - 0x00007ffbc329d000 	C:\WINDOWS\System32\windows.storage.dll
0x00007ffbc5f80000 - 0x00007ffbc5fd1000 	C:\WINDOWS\System32\shlwapi.dll
0x00007ffbc2b50000 - 0x00007ffbc2b61000 	C:\WINDOWS\System32\kernel.appcore.dll
0x00007ffbc2b30000 - 0x00007ffbc2b4f000 	C:\WINDOWS\System32\profapi.dll
0x00007ffbc2ae0000 - 0x00007ffbc2b2c000 	C:\WINDOWS\System32\powrprof.dll
0x00007ffbc2ad0000 - 0x00007ffbc2ada000 	C:\WINDOWS\System32\FLTLIB.DLL
0x00007ffbb7670000 - 0x00007ffbb768a000 	E:\Android\Android Studio\jre\jre\bin\net.dll
0x00007ffbc2350000 - 0x00007ffbc23b6000 	C:\WINDOWS\system32\mswsock.dll
0x00007ffbb7650000 - 0x00007ffbb7661000 	E:\Android\Android Studio\jre\jre\bin\nio.dll
0x00007ffbac240000 - 0x00007ffbac25e000 	C:\Users\kr\.gradle\native\25\windows-amd64\native-platform.dll
0x00007ffbb7a80000 - 0x00007ffbb7a8d000 	E:\Android\Android Studio\jre\jre\bin\management.dll
0x00007ffbc2510000 - 0x00007ffbc2527000 	C:\WINDOWS\SYSTEM32\CRYPTSP.dll
0x00007ffbc1f30000 - 0x00007ffbc1f63000 	C:\WINDOWS\system32\rsaenh.dll
0x00007ffbc2630000 - 0x00007ffbc2655000 	C:\WINDOWS\SYSTEM32\bcrypt.dll
0x00007ffbc29d0000 - 0x00007ffbc29f8000 	C:\WINDOWS\SYSTEM32\USERENV.dll
0x00007ffbc2500000 - 0x00007ffbc250b000 	C:\WINDOWS\SYSTEM32\CRYPTBASE.dll
0x00007ffbc20d0000 - 0x00007ffbc2108000 	C:\WINDOWS\SYSTEM32\IPHLPAPI.DLL
0x00007ffbc5ae0000 - 0x00007ffbc5ae8000 	C:\WINDOWS\System32\NSI.dll
0x00007ffbbc890000 - 0x00007ffbbc8a6000 	C:\WINDOWS\SYSTEM32\dhcpcsvc6.DLL
0x00007ffbbc670000 - 0x00007ffbbc68a000 	C:\WINDOWS\SYSTEM32\dhcpcsvc.DLL

VM Arguments:
jvm_args: -Xmx1536m -Dfile.encoding=GBK -Duser.country=CN -Duser.language=zh -Duser.variant 
java_command: org.gradle.launcher.daemon.bootstrap.GradleDaemon 4.6
java_class_path (initial): C:\Users\kr\.gradle\wrapper\dists\gradle-4.6-all\bcst21l2brirad8k2ben1letg\gradle-4.6\lib\gradle-launcher-4.6.jar
Launcher Type: SUN_STANDARD

Environment Variables:
JAVA_HOME=C:\Program Files\Java\jdk-9.0.4
CLASSPATH=.;C:\Program Files\Java\jdk-9.0.4\lib\dt.jar;C:\Program Files\Java\jdk-9.0.4\lib\tools.jar;
PATH=C:\Program Files\Java\jdk-9.0.4\bin;C:\Program Files\Java\jdk-9.0.4\jre\bin;C:\ProgramData\Oracle\Java\javapath;C:\Windows\system32;C:\Windows;C:\Windows\System32\Wbem;C:\Windows\System32\WindowsPowerShell\v1.0\;C:\Program Files (x86)\NVIDIA Corporation\PhysX\Common;C:\WINDOWS\system32;C:\WINDOWS;C:\WINDOWS\System32\Wbem;C:\WINDOWS\System32\WindowsPowerShell\v1.0\;E:\vagrant\bin;C:\Program Files\nodejs\;D:\curl-7.61.0-win64-mingw\bin;C:\WINDOWS\System32\OpenSSH\;E:\matlab\runtime\win64;E:\matlab\bin;E:\新建文件夹 (2)\TDM-GCC\bin;;;C:\Program Files\Git\cmd;C:\Users\kr\AppData\Local\Programs\Python\Python37-32\Scripts\;C:\Users\kr\AppData\Local\Programs\Python\Python37-32\;C:\Users\kr\AppData\Local\Microsoft\WindowsApps;C:\Users\kr\AppData\Roaming\npm;E:\Microsoft VS Code\bin;D:\mariadb\bin;
USERNAME=kr
OS=Windows_NT
PROCESSOR_IDENTIFIER=Intel64 Family 6 Model 78 Stepping 3, GenuineIntel



---------------  S Y S T E M  ---------------

OS: Windows 10.0 , 64 bit Build 17134 (10.0.17134.753)

CPU:total 4 (initial active 4) (2 cores per cpu, 2 threads per core) family 6 model 78 stepping 3, cmov, cx8, fxsr, mmx, sse, sse2, sse3, ssse3, sse4.1, sse4.2, popcnt, avx, avx2, aes, clmul, erms, 3dnowpref, lzcnt, ht, tsc, tscinvbit, bmi1, bmi2, adx

Memory: 4k page, physical 4055200k(86056k free), swap 10410012k(1676k free)

vm_info: OpenJDK 64-Bit Server VM (25.152-b06) for windows-amd64 JRE (1.8.0_152-release-1136-b06), built by "builder" with MS VC++ 10.0 (VS2010)

time: Tue Jun 11 03:19:51 2019
elapsed time: 17 seconds (0d 0h 0m 17s)

